<?xml version="1.0" encoding="UTF-8"?>
<!-- Generated by org.testng.reporters.JUnitReportReporter -->
<testsuite hostname="DESKTOP-JTB7APR" failures="0" tests="2" name="org.rahulSheetyacademy.Ecommerce_TC4_Hybrid" time="120.214" errors="0" timestamp="2023-04-25T22:05:44 IST" skipped="0">
  <testcase classname="org.rahulSheetyacademy.Ecommerce_TC4_Hybrid" name="FillForm" time="58.191"/>
  <system-out/>
  <testcase classname="org.rahulSheetyacademy.Ecommerce_TC4_Hybrid" name="FillForm" time="62.023"/>
  <system-out/>
</testsuite> <!-- org.rahulSheetyacademy.Ecommerce_TC4_Hybrid -->
